0 info it worked if it ends with ok
1 verbose cli [ '/Users/gjtorikian/github/github/vendor/node/node-5.11.0',
1 verbose cli   '/Users/gjtorikian/github/github/node_modules/.bin/npm',
1 verbose cli   'run',
1 verbose cli   'test' ]
2 info using npm@3.8.6
3 info using node@v5.11.0
4 verbose run-script [ 'pretest', 'test', 'posttest' ]
5 info lifecycle tracker-keeper@0.0.1~pretest: tracker-keeper@0.0.1
6 silly lifecycle tracker-keeper@0.0.1~pretest: no script for pretest, continuing
7 info lifecycle tracker-keeper@0.0.1~test: tracker-keeper@0.0.1
8 verbose lifecycle tracker-keeper@0.0.1~test: unsafe-perm in lifecycle true
9 verbose lifecycle tracker-keeper@0.0.1~test: PATH: /Users/gjtorikian/github/github/node_modules/npm/bin/node-gyp-bin:/Users/gjtorikian/Development/tracker-keeper/node_modules/.bin:/Users/gjtorikian/github/github/vendor/node:/Users/gjtorikian/.rbenv/shims:/Users/gjtorikian/.rbenv/shims:/Users/gjtorikian/.rbenv/bin:/Users/gjtorikian/.gem/ruby/2.0.0/bin:/Users/gjtorikian/github/github/bin:/Applications/Araxis Merge.app/Contents/Utilities:/usr/local/heroku/bin/heroku:/usr/local/bin:/usr/local/sbin:/usr/bin:/bin:/usr/sbin:/sbin:/usr/X11/bin:/Users/gjtorikian/android-sdk-macosx/platform-tools:/Users/gjtorikian/android-sdk-macosx/tools:/Users/gjtorikian/android-ndk-r8d:/Users/gjtorikian/go/bin
10 verbose lifecycle tracker-keeper@0.0.1~test: CWD: /Users/gjtorikian/Development/tracker-keeper
11 silly lifecycle tracker-keeper@0.0.1~test: Args: [ '-c', 'mocha --timeout 10000' ]
12 silly lifecycle tracker-keeper@0.0.1~test: Returned: code: 1  signal: null
13 info lifecycle tracker-keeper@0.0.1~test: Failed to exec test script
14 verbose stack Error: tracker-keeper@0.0.1 test: `mocha --timeout 10000`
14 verbose stack Exit status 1
14 verbose stack     at EventEmitter.<anonymous> (/Users/gjtorikian/github/github/node_modules/npm/lib/utils/lifecycle.js:239:16)
14 verbose stack     at emitTwo (events.js:100:13)
14 verbose stack     at EventEmitter.emit (events.js:185:7)
14 verbose stack     at ChildProcess.<anonymous> (/Users/gjtorikian/github/github/node_modules/npm/lib/utils/spawn.js:24:14)
14 verbose stack     at emitTwo (events.js:100:13)
14 verbose stack     at ChildProcess.emit (events.js:185:7)
14 verbose stack     at maybeClose (internal/child_process.js:850:16)
14 verbose stack     at Process.ChildProcess._handle.onexit (internal/child_process.js:215:5)
15 verbose pkgid tracker-keeper@0.0.1
16 verbose cwd /Users/gjtorikian/Development/tracker-keeper/test
17 error Darwin 15.5.0
18 error argv "/Users/gjtorikian/github/github/vendor/node/node-5.11.0" "/Users/gjtorikian/github/github/node_modules/.bin/npm" "run" "test"
19 error node v5.11.0
20 error npm  v3.8.6
21 error code ELIFECYCLE
22 error tracker-keeper@0.0.1 test: `mocha --timeout 10000`
22 error Exit status 1
23 error Failed at the tracker-keeper@0.0.1 test script 'mocha --timeout 10000'.
23 error Make sure you have the latest version of node.js and npm installed.
23 error If you do, this is most likely a problem with the tracker-keeper package,
23 error not with npm itself.
23 error Tell the author that this fails on your system:
23 error     mocha --timeout 10000
23 error You can get information on how to open an issue for this project with:
23 error     npm bugs tracker-keeper
23 error Or if that isn't available, you can get their info via:
23 error     npm owner ls tracker-keeper
23 error There is likely additional logging output above.
24 verbose exit [ 1, true ]
